#0 building with "default" instance using docker driver

#1 [internal] load build definition from Dockerfile
#1 transferring dockerfile: 149B 0.0s done
#1 DONE 0.1s

#2 [internal] load metadata for docker.io/library/nginx:latest
#2 DONE 12.2s

#3 [internal] load .dockerignore
#3 transferring context: 2B 0.0s done
#3 DONE 0.1s

#4 [1/2] FROM docker.io/library/nginx:latest@sha256:9d6b58feebd2dbd3c56ab5853333d627cc6e281011cfd6050fa4bcf2072c9496
#4 resolve docker.io/library/nginx:latest@sha256:9d6b58feebd2dbd3c56ab5853333d627cc6e281011cfd6050fa4bcf2072c9496 0.0s done
#4 sha256:28edb1806e63847a8d6f77a7c312045e1bd91d5e3c944c8a0012f0b14c830c44 2.29kB / 2.29kB done
#4 sha256:b52e0b094bc0e26c9eddc9e4ab7a64ce0033c3360d8b7ad4ff4132c4e03e8f7b 8.58kB / 8.58kB done
#4 sha256:7cf63256a31a4cc44f6defe8e1af95363aee5fa75f30a248d95cae684f87c53c 0B / 28.22MB 0.1s
#4 sha256:bf9acace214a6c23630803d90911f1fd7d1ba06a3083f0a62fd036a6d1d8e274 0B / 43.95MB 0.1s
#4 sha256:513c3649bb1480ca9a04c73f320b6b5a909e24e4ac18ae72fd56b818241d6730 0B / 626B 0.1s
#4 sha256:9d6b58feebd2dbd3c56ab5853333d627cc6e281011cfd6050fa4bcf2072c9496 10.27kB / 10.27kB done
#4 sha256:513c3649bb1480ca9a04c73f320b6b5a909e24e4ac18ae72fd56b818241d6730 626B / 626B 0.3s done
#4 sha256:bf9acace214a6c23630803d90911f1fd7d1ba06a3083f0a62fd036a6d1d8e274 4.19MB / 43.95MB 0.5s
#4 sha256:d014f92d532d416c7b9eadb244f14f73fdb3d2ead120264b749e342700824f3c 957B / 957B 0.5s done
#4 sha256:9dd21ad5a4a6a856d82bb6bb6147c30ad90a9768c3651c55775354e7649bc74d 0B / 406B 0.5s
#4 sha256:7cf63256a31a4cc44f6defe8e1af95363aee5fa75f30a248d95cae684f87c53c 3.15MB / 28.22MB 0.7s
#4 sha256:9dd21ad5a4a6a856d82bb6bb6147c30ad90a9768c3651c55775354e7649bc74d 406B / 406B 0.6s done
#4 sha256:943ea0f0c2e42ccacc72ac65701347eadb2b0cb22828fac30f1400bba3d37088 0B / 1.21kB 0.7s
#4 sha256:7cf63256a31a4cc44f6defe8e1af95363aee5fa75f30a248d95cae684f87c53c 6.29MB / 28.22MB 0.9s
#4 sha256:bf9acace214a6c23630803d90911f1fd7d1ba06a3083f0a62fd036a6d1d8e274 9.44MB / 43.95MB 0.9s
#4 sha256:943ea0f0c2e42ccacc72ac65701347eadb2b0cb22828fac30f1400bba3d37088 1.21kB / 1.21kB 0.8s done
#4 sha256:103f50cb3e9f200431b555078cce5e8df3db6ddc2e54d714a10b994e430e98a3 0B / 1.40kB 0.9s
#4 sha256:7cf63256a31a4cc44f6defe8e1af95363aee5fa75f30a248d95cae684f87c53c 8.39MB / 28.22MB 1.1s
#4 sha256:103f50cb3e9f200431b555078cce5e8df3db6ddc2e54d714a10b994e430e98a3 1.40kB / 1.40kB 1.0s done
#4 sha256:7cf63256a31a4cc44f6defe8e1af95363aee5fa75f30a248d95cae684f87c53c 10.49MB / 28.22MB 1.3s
#4 sha256:bf9acace214a6c23630803d90911f1fd7d1ba06a3083f0a62fd036a6d1d8e274 12.58MB / 43.95MB 1.3s
#4 sha256:7cf63256a31a4cc44f6defe8e1af95363aee5fa75f30a248d95cae684f87c53c 12.58MB / 28.22MB 1.6s
#4 sha256:bf9acace214a6c23630803d90911f1fd7d1ba06a3083f0a62fd036a6d1d8e274 15.73MB / 43.95MB 1.8s
#4 sha256:7cf63256a31a4cc44f6defe8e1af95363aee5fa75f30a248d95cae684f87c53c 16.78MB / 28.22MB 2.0s
#4 sha256:bf9acace214a6c23630803d90911f1fd7d1ba06a3083f0a62fd036a6d1d8e274 18.87MB / 43.95MB 2.0s
#4 sha256:7cf63256a31a4cc44f6defe8e1af95363aee5fa75f30a248d95cae684f87c53c 18.87MB / 28.22MB 2.3s
#4 sha256:7cf63256a31a4cc44f6defe8e1af95363aee5fa75f30a248d95cae684f87c53c 23.07MB / 28.22MB 2.5s
#4 sha256:bf9acace214a6c23630803d90911f1fd7d1ba06a3083f0a62fd036a6d1d8e274 24.12MB / 43.95MB 2.5s
#4 sha256:7cf63256a31a4cc44f6defe8e1af95363aee5fa75f30a248d95cae684f87c53c 28.22MB / 28.22MB 2.8s
#4 sha256:bf9acace214a6c23630803d90911f1fd7d1ba06a3083f0a62fd036a6d1d8e274 29.36MB / 43.95MB 2.8s
#4 sha256:7cf63256a31a4cc44f6defe8e1af95363aee5fa75f30a248d95cae684f87c53c 28.22MB / 28.22MB 2.9s done
#4 sha256:bf9acace214a6c23630803d90911f1fd7d1ba06a3083f0a62fd036a6d1d8e274 35.65MB / 43.95MB 3.0s
#4 extracting sha256:7cf63256a31a4cc44f6defe8e1af95363aee5fa75f30a248d95cae684f87c53c 0.1s
#4 sha256:bf9acace214a6c23630803d90911f1fd7d1ba06a3083f0a62fd036a6d1d8e274 43.95MB / 43.95MB 3.3s
#4 sha256:bf9acace214a6c23630803d90911f1fd7d1ba06a3083f0a62fd036a6d1d8e274 43.95MB / 43.95MB 3.4s done
#4 extracting sha256:7cf63256a31a4cc44f6defe8e1af95363aee5fa75f30a248d95cae684f87c53c 2.2s done
#4 extracting sha256:bf9acace214a6c23630803d90911f1fd7d1ba06a3083f0a62fd036a6d1d8e274
#4 extracting sha256:bf9acace214a6c23630803d90911f1fd7d1ba06a3083f0a62fd036a6d1d8e274 1.2s done
#4 extracting sha256:513c3649bb1480ca9a04c73f320b6b5a909e24e4ac18ae72fd56b818241d6730 done
#4 extracting sha256:d014f92d532d416c7b9eadb244f14f73fdb3d2ead120264b749e342700824f3c
#4 extracting sha256:d014f92d532d416c7b9eadb244f14f73fdb3d2ead120264b749e342700824f3c done
#4 extracting sha256:9dd21ad5a4a6a856d82bb6bb6147c30ad90a9768c3651c55775354e7649bc74d done
#4 extracting sha256:943ea0f0c2e42ccacc72ac65701347eadb2b0cb22828fac30f1400bba3d37088 done
#4 extracting sha256:103f50cb3e9f200431b555078cce5e8df3db6ddc2e54d714a10b994e430e98a3
#4 extracting sha256:103f50cb3e9f200431b555078cce5e8df3db6ddc2e54d714a10b994e430e98a3 done
#4 DONE 7.1s

#5 [2/2] RUN mkdir /opt/testfleet &&     touch testfile.txt &&     echo "Hello world" >> testfile.txt
#5 DONE 1.3s

#6 exporting to image
#6 exporting layers 0.0s done
#6 writing image sha256:f9347eb1c4212dfa2cf25282f8bb7629ae2ea006228062fc525e815b5af92132 done
#6 naming to docker.io/library/testfleet:1.0 done
#6 DONE 0.1s
